# JRE version: Java(TM) SE Runtime Environment (8.0_60-b27) (build 1.8.0_60-b27)
# Java VM: Java HotSpot(TM) 64-Bit Server VM (25.60-b23 mixed mode windows-amd64 compressed oops)
Heap:
 PSYoungGen      total 318976K, used 149040K [0x00000000d8780000, 0x00000000f2f00000, 0x0000000100000000)
  eden space 302592K, 49% used [0x00000000d8780000,0x00000000e190c0d8,0x00000000eaf00000)
  from space 16384K, 0% used [0x00000000eaf00000,0x00000000eaf00000,0x00000000ebf00000)
  to   space 15872K, 0% used [0x00000000f1f80000,0x00000000f1f80000,0x00000000f2f00000)
 ParOldGen       total 98816K, used 28746K [0x0000000089600000, 0x000000008f680000, 0x00000000d8780000)
  object space 98816K, 29% used [0x0000000089600000,0x000000008b212978,0x000000008f680000)
 Metaspace       used 62120K, capacity 64710K, committed 65044K, reserved 1105920K
  class space    used 8484K, capacity 8926K, committed 9020K, reserved 1048576K
GC Heap History (10 events):
Event: 11.904 GC heap before
{Heap before GC invocations=10 (full 1):
 PSYoungGen      total 215552K, used 65876K [0x00000000d8780000, 0x00000000e6c00000, 0x0000000100000000)
  eden space 206848K, 27% used [0x00000000d8780000,0x00000000dbf5c538,0x00000000e5180000)
  from space 8704K, 99% used [0x00000000e5e00000,0x00000000e6678c88,0x00000000e6680000)
  to   space 12800K, 0% used [0x00000000e5180000,0x00000000e5180000,0x00000000e5e00000)
 ParOldGen       total 46592K, used 12240K [0x0000000089600000, 0x000000008c380000, 0x00000000d8780000)
  object space 46592K, 26% used [0x0000000089600000,0x000000008a1f41c8,0x000000008c380000)
 Metaspace       used 33842K, capacity 35284K, committed 35416K, reserved 1079296K
  class space    used 4351K, capacity 4633K, committed 4736K, reserved 1048576K
Event: 11.977 GC heap after
Heap after GC invocations=10 (full 1):
 PSYoungGen      total 219648K, used 10276K [0x00000000d8780000, 0x00000000ecf00000, 0x0000000100000000)
  eden space 206848K, 0% used [0x00000000d8780000,0x00000000d8780000,0x00000000e5180000)
  from space 12800K, 80% used [0x00000000e5180000,0x00000000e5b892e0,0x00000000e5e00000)
  to   space 13312K, 0% used [0x00000000ec200000,0x00000000ec200000,0x00000000ecf00000)
 ParOldGen       total 46592K, used 12312K [0x0000000089600000, 0x000000008c380000, 0x00000000d8780000)
  object space 46592K, 26% used [0x0000000089600000,0x000000008a2061d8,0x000000008c380000)
 Metaspace       used 33842K, capacity 35284K, committed 35416K, reserved 1079296K
  class space    used 4351K, capacity 4633K, committed 4736K, reserved 1048576K
}
Event: 11.977 GC heap before
{Heap before GC invocations=11 (full 2):
 PSYoungGen      total 219648K, used 10276K [0x00000000d8780000, 0x00000000ecf00000, 0x0000000100000000)
  eden space 206848K, 0% used [0x00000000d8780000,0x00000000d8780000,0x00000000e5180000)
  from space 12800K, 80% used [0x00000000e5180000,0x00000000e5b892e0,0x00000000e5e00000)
  to   space 13312K, 0% used [0x00000000ec200000,0x00000000ec200000,0x00000000ecf00000)
 ParOldGen       total 46592K, used 12312K [0x0000000089600000, 0x000000008c380000, 0x00000000d8780000)
  object space 46592K, 26% used [0x0000000089600000,0x000000008a2061d8,0x000000008c380000)
 Metaspace       used 33842K, capacity 35284K, committed 35416K, reserved 1079296K
  class space    used 4351K, capacity 4633K, committed 4736K, reserved 1048576K
Event: 12.110 GC heap after
Heap after GC invocations=11 (full 2):
 PSYoungGen      total 219648K, used 0K [0x00000000d8780000, 0x00000000ecf00000, 0x0000000100000000)
  eden space 206848K, 0% used [0x00000000d8780000,0x00000000d8780000,0x00000000e5180000)
  from space 12800K, 0% used [0x00000000e5180000,0x00000000e5180000,0x00000000e5e00000)
  to   space 13312K, 0% used [0x00000000ec200000,0x00000000ec200000,0x00000000ecf00000)
 ParOldGen       total 71168K, used 16823K [0x0000000089600000, 0x000000008db80000, 0x00000000d8780000)
  object space 71168K, 23% used [0x0000000089600000,0x000000008a66dee8,0x000000008db80000)
 Metaspace       used 33842K, capacity 35284K, committed 35416K, reserved 1079296K
  class space    used 4351K, capacity 4633K, committed 4736K, reserved 1048576K
}
Event: 15.650 GC heap before
{Heap before GC invocations=12 (full 2):
 PSYoungGen      total 219648K, used 206848K [0x00000000d8780000, 0x00000000ecf00000, 0x0000000100000000)
  eden space 206848K, 100% used [0x00000000d8780000,0x00000000e5180000,0x00000000e5180000)
  from space 12800K, 0% used [0x00000000e5180000,0x00000000e5180000,0x00000000e5e00000)
  to   space 13312K, 0% used [0x00000000ec200000,0x00000000ec200000,0x00000000ecf00000)
 ParOldGen       total 71168K, used 16823K [0x0000000089600000, 0x000000008db80000, 0x00000000d8780000)
  object space 71168K, 23% used [0x0000000089600000,0x000000008a66dee8,0x000000008db80000)
 Metaspace       used 48415K, capacity 50082K, committed 50392K, reserved 1093632K
  class space    used 6464K, capacity 6808K, committed 6912K, reserved 1048576K
Event: 15.677 GC heap after
Heap after GC invocations=12 (full 2):
 PSYoungGen      total 304640K, used 13306K [0x00000000d8780000, 0x00000000ecf00000, 0x0000000100000000)
  eden space 291328K, 0% used [0x00000000d8780000,0x00000000d8780000,0x00000000ea400000)
  from space 13312K, 99% used [0x00000000ec200000,0x00000000ecefea70,0x00000000ecf00000)
  to   space 16384K, 0% used [0x00000000eaf00000,0x00000000eaf00000,0x00000000ebf00000)
 ParOldGen       total 71168K, used 19271K [0x0000000089600000, 0x000000008db80000, 0x00000000d8780000)
  object space 71168K, 27% used [0x0000000089600000,0x000000008a8d1e10,0x000000008db80000)
 Metaspace       used 48415K, capacity 50082K, committed 50392K, reserved 1093632K
  class space    used 6464K, capacity 6808K, committed 6912K, reserved 1048576K
}
Event: 18.298 GC heap before
{Heap before GC invocations=13 (full 2):
 PSYoungGen      total 304640K, used 157939K [0x00000000d8780000, 0x00000000ecf00000, 0x0000000100000000)
  eden space 291328K, 49% used [0x00000000d8780000,0x00000000e14be2a8,0x00000000ea400000)
  from space 13312K, 99% used [0x00000000ec200000,0x00000000ecefea70,0x00000000ecf00000)
  to   space 16384K, 0% used [0x00000000eaf00000,0x00000000eaf00000,0x00000000ebf00000)
 ParOldGen       total 71168K, used 19271K [0x0000000089600000, 0x000000008db80000, 0x00000000d8780000)
  object space 71168K, 27% used [0x0000000089600000,0x000000008a8d1e10,0x000000008db80000)
 Metaspace       used 57009K, capacity 58814K, committed 59028K, reserved 1099776K
  class space    used 7745K, capacity 8086K, committed 8124K, reserved 1048576K
Event: 18.318 GC heap after
Heap after GC invocations=13 (full 2):
 PSYoungGen      total 318976K, used 9149K [0x00000000d8780000, 0x00000000f2f00000, 0x0000000100000000)
  eden space 302592K, 0% used [0x00000000d8780000,0x00000000d8780000,0x00000000eaf00000)
  from space 16384K, 55% used [0x00000000eaf00000,0x00000000eb7ef430,0x00000000ebf00000)
  to   space 15872K, 0% used [0x00000000f1f80000,0x00000000f1f80000,0x00000000f2f00000)
 ParOldGen       total 71168K, used 23942K [0x0000000089600000, 0x000000008db80000, 0x00000000d8780000)
  object space 71168K, 33% used [0x0000000089600000,0x000000008ad61b58,0x000000008db80000)
 Metaspace       used 57009K, capacity 58814K, committed 59028K, reserved 1099776K
  class space    used 7745K, capacity 8086K, committed 8124K, reserved 1048576K
}
Event: 18.318 GC heap before
{Heap before GC invocations=14 (full 3):
 PSYoungGen      total 318976K, used 9149K [0x00000000d8780000, 0x00000000f2f00000, 0x0000000100000000)
  eden space 302592K, 0% used [0x00000000d8780000,0x00000000d8780000,0x00000000eaf00000)
  from space 16384K, 55% used [0x00000000eaf00000,0x00000000eb7ef430,0x00000000ebf00000)
  to   space 15872K, 0% used [0x00000000f1f80000,0x00000000f1f80000,0x00000000f2f00000)
 ParOldGen       total 71168K, used 23942K [0x0000000089600000, 0x000000008db80000, 0x00000000d8780000)
  object space 71168K, 33% used [0x0000000089600000,0x000000008ad61b58,0x000000008db80000)
 Metaspace       used 57009K, capacity 58814K, committed 59028K, reserved 1099776K
  class space    used 7745K, capacity 8086K, committed 8124K, reserved 1048576K
Event: 18.544 GC heap after
Heap after GC invocations=14 (full 3):
 PSYoungGen      total 318976K, used 0K [0x00000000d8780000, 0x00000000f2f00000, 0x0000000100000000)
  eden space 302592K, 0% used [0x00000000d8780000,0x00000000d8780000,0x00000000eaf00000)
  from space 16384K, 0% used [0x00000000eaf00000,0x00000000eaf00000,0x00000000ebf00000)
  to   space 15872K, 0% used [0x00000000f1f80000,0x00000000f1f80000,0x00000000f2f00000)
 ParOldGen       total 98816K, used 28746K [0x0000000089600000, 0x000000008f680000, 0x00000000d8780000)
  object space 98816K, 29% used [0x0000000089600000,0x000000008b212978,0x000000008f680000)
 Metaspace       used 57009K, capacity 58814K, committed 59028K, reserved 1099776K
  class space    used 7745K, capacity 8086K, committed 8124K, reserved 1048576K
}

