# JRE version: Java(TM) SE Runtime Environment (8.0_60-b27) (build 1.8.0_60-b27)
# Java VM: Java HotSpot(TM) 64-Bit Server VM (25.60-b23 mixed mode windows-amd64 compressed oops)
Heap:
 PSYoungGen      total 303104K, used 140331K [0x00000000d8780000, 0x00000000f0c80000, 0x0000000100000000)
  eden space 287232K, 48% used [0x00000000d8780000,0x00000000e108ae80,0x00000000ea000000)
  from space 15872K, 0% used [0x00000000ea000000,0x00000000ea000000,0x00000000eaf80000)
  to   space 15872K, 0% used [0x00000000efd00000,0x00000000efd00000,0x00000000f0c80000)
 ParOldGen       total 105984K, used 28994K [0x0000000089600000, 0x000000008fd80000, 0x00000000d8780000)
  object space 105984K, 27% used [0x0000000089600000,0x000000008b250880,0x000000008fd80000)
 Metaspace       used 61414K, capacity 63992K, committed 64148K, reserved 1103872K
  class space    used 8370K, capacity 8795K, committed 8892K, reserved 1048576K
GC Heap History (10 events):
Event: 9.561 GC heap before
{Heap before GC invocations=10 (full 1):
 PSYoungGen      total 211456K, used 66574K [0x00000000d8780000, 0x00000000e6680000, 0x0000000100000000)
  eden space 202752K, 28% used [0x00000000d8780000,0x00000000dc00ac90,0x00000000e4d80000)
  from space 8704K, 99% used [0x00000000e5980000,0x00000000e61f8be8,0x00000000e6200000)
  to   space 12288K, 0% used [0x00000000e4d80000,0x00000000e4d80000,0x00000000e5980000)
 ParOldGen       total 47104K, used 11942K [0x0000000089600000, 0x000000008c400000, 0x00000000d8780000)
  object space 47104K, 25% used [0x0000000089600000,0x000000008a1a9aa0,0x000000008c400000)
 Metaspace       used 33833K, capacity 35276K, committed 35416K, reserved 1079296K
  class space    used 4348K, capacity 4633K, committed 4736K, reserved 1048576K
Event: 9.589 GC heap after
Heap after GC invocations=10 (full 1):
 PSYoungGen      total 215040K, used 10531K [0x00000000d8780000, 0x00000000ebf00000, 0x0000000100000000)
  eden space 202752K, 0% used [0x00000000d8780000,0x00000000d8780000,0x00000000e4d80000)
  from space 12288K, 85% used [0x00000000e4d80000,0x00000000e57c8c98,0x00000000e5980000)
  to   space 13312K, 0% used [0x00000000eb200000,0x00000000eb200000,0x00000000ebf00000)
 ParOldGen       total 47104K, used 11950K [0x0000000089600000, 0x000000008c400000, 0x00000000d8780000)
  object space 47104K, 25% used [0x0000000089600000,0x000000008a1abaa0,0x000000008c400000)
 Metaspace       used 33833K, capacity 35276K, committed 35416K, reserved 1079296K
  class space    used 4348K, capacity 4633K, committed 4736K, reserved 1048576K
}
Event: 9.590 GC heap before
{Heap before GC invocations=11 (full 2):
 PSYoungGen      total 215040K, used 10531K [0x00000000d8780000, 0x00000000ebf00000, 0x0000000100000000)
  eden space 202752K, 0% used [0x00000000d8780000,0x00000000d8780000,0x00000000e4d80000)
  from space 12288K, 85% used [0x00000000e4d80000,0x00000000e57c8c98,0x00000000e5980000)
  to   space 13312K, 0% used [0x00000000eb200000,0x00000000eb200000,0x00000000ebf00000)
 ParOldGen       total 47104K, used 11950K [0x0000000089600000, 0x000000008c400000, 0x00000000d8780000)
  object space 47104K, 25% used [0x0000000089600000,0x000000008a1abaa0,0x000000008c400000)
 Metaspace       used 33833K, capacity 35276K, committed 35416K, reserved 1079296K
  class space    used 4348K, capacity 4633K, committed 4736K, reserved 1048576K
Event: 9.692 GC heap after
Heap after GC invocations=11 (full 2):
 PSYoungGen      total 215040K, used 0K [0x00000000d8780000, 0x00000000ebf00000, 0x0000000100000000)
  eden space 202752K, 0% used [0x00000000d8780000,0x00000000d8780000,0x00000000e4d80000)
  from space 12288K, 0% used [0x00000000e4d80000,0x00000000e4d80000,0x00000000e5980000)
  to   space 13312K, 0% used [0x00000000eb200000,0x00000000eb200000,0x00000000ebf00000)
 ParOldGen       total 74240K, used 16789K [0x0000000089600000, 0x000000008de80000, 0x00000000d8780000)
  object space 74240K, 22% used [0x0000000089600000,0x000000008a665500,0x000000008de80000)
 Metaspace       used 33833K, capacity 35276K, committed 35416K, reserved 1079296K
  class space    used 4348K, capacity 4633K, committed 4736K, reserved 1048576K
}
Event: 13.002 GC heap before
{Heap before GC invocations=12 (full 2):
 PSYoungGen      total 215040K, used 202752K [0x00000000d8780000, 0x00000000ebf00000, 0x0000000100000000)
  eden space 202752K, 100% used [0x00000000d8780000,0x00000000e4d80000,0x00000000e4d80000)
  from space 12288K, 0% used [0x00000000e4d80000,0x00000000e4d80000,0x00000000e5980000)
  to   space 13312K, 0% used [0x00000000eb200000,0x00000000eb200000,0x00000000ebf00000)
 ParOldGen       total 74240K, used 16789K [0x0000000089600000, 0x000000008de80000, 0x00000000d8780000)
  object space 74240K, 22% used [0x0000000089600000,0x000000008a665500,0x000000008de80000)
 Metaspace       used 48103K, capacity 49816K, committed 50264K, reserved 1093632K
  class space    used 6424K, capacity 6743K, committed 6784K, reserved 1048576K
Event: 13.026 GC heap after
Heap after GC invocations=12 (full 2):
 PSYoungGen      total 288256K, used 13286K [0x00000000d8780000, 0x00000000ebf00000, 0x0000000100000000)
  eden space 274944K, 0% used [0x00000000d8780000,0x00000000d8780000,0x00000000e9400000)
  from space 13312K, 99% used [0x00000000eb200000,0x00000000ebef9b88,0x00000000ebf00000)
  to   space 15872K, 0% used [0x00000000ea000000,0x00000000ea000000,0x00000000eaf80000)
 ParOldGen       total 74240K, used 18843K [0x0000000089600000, 0x000000008de80000, 0x00000000d8780000)
  object space 74240K, 25% used [0x0000000089600000,0x000000008a866e78,0x000000008de80000)
 Metaspace       used 48103K, capacity 49816K, committed 50264K, reserved 1093632K
  class space    used 6424K, capacity 6743K, committed 6784K, reserved 1048576K
}
Event: 14.876 GC heap before
{Heap before GC invocations=13 (full 2):
 PSYoungGen      total 288256K, used 166168K [0x00000000d8780000, 0x00000000ebf00000, 0x0000000100000000)
  eden space 274944K, 55% used [0x00000000d8780000,0x00000000e1ccc580,0x00000000e9400000)
  from space 13312K, 99% used [0x00000000eb200000,0x00000000ebef9b88,0x00000000ebf00000)
  to   space 15872K, 0% used [0x00000000ea000000,0x00000000ea000000,0x00000000eaf80000)
 ParOldGen       total 74240K, used 18843K [0x0000000089600000, 0x000000008de80000, 0x00000000d8780000)
  object space 74240K, 25% used [0x0000000089600000,0x000000008a866e78,0x000000008de80000)
 Metaspace       used 57015K, capacity 58810K, committed 59028K, reserved 1099776K
  class space    used 7747K, capacity 8086K, committed 8124K, reserved 1048576K
Event: 14.894 GC heap after
Heap after GC invocations=13 (full 2):
 PSYoungGen      total 303104K, used 9539K [0x00000000d8780000, 0x00000000f0c80000, 0x0000000100000000)
  eden space 287232K, 0% used [0x00000000d8780000,0x00000000d8780000,0x00000000ea000000)
  from space 15872K, 60% used [0x00000000ea000000,0x00000000ea950e40,0x00000000eaf80000)
  to   space 15872K, 0% used [0x00000000efd00000,0x00000000efd00000,0x00000000f0c80000)
 ParOldGen       total 74240K, used 23497K [0x0000000089600000, 0x000000008de80000, 0x00000000d8780000)
  object space 74240K, 31% used [0x0000000089600000,0x000000008acf25f0,0x000000008de80000)
 Metaspace       used 57015K, capacity 58810K, committed 59028K, reserved 1099776K
  class space    used 7747K, capacity 8086K, committed 8124K, reserved 1048576K
}
Event: 14.894 GC heap before
{Heap before GC invocations=14 (full 3):
 PSYoungGen      total 303104K, used 9539K [0x00000000d8780000, 0x00000000f0c80000, 0x0000000100000000)
  eden space 287232K, 0% used [0x00000000d8780000,0x00000000d8780000,0x00000000ea000000)
  from space 15872K, 60% used [0x00000000ea000000,0x00000000ea950e40,0x00000000eaf80000)
  to   space 15872K, 0% used [0x00000000efd00000,0x00000000efd00000,0x00000000f0c80000)
 ParOldGen       total 74240K, used 23497K [0x0000000089600000, 0x000000008de80000, 0x00000000d8780000)
  object space 74240K, 31% used [0x0000000089600000,0x000000008acf25f0,0x000000008de80000)
 Metaspace       used 57015K, capacity 58810K, committed 59028K, reserved 1099776K
  class space    used 7747K, capacity 8086K, committed 8124K, reserved 1048576K
Event: 15.114 GC heap after
Heap after GC invocations=14 (full 3):
 PSYoungGen      total 303104K, used 0K [0x00000000d8780000, 0x00000000f0c80000, 0x0000000100000000)
  eden space 287232K, 0% used [0x00000000d8780000,0x00000000d8780000,0x00000000ea000000)
  from space 15872K, 0% used [0x00000000ea000000,0x00000000ea000000,0x00000000eaf80000)
  to   space 15872K, 0% used [0x00000000efd00000,0x00000000efd00000,0x00000000f0c80000)
 ParOldGen       total 105984K, used 28994K [0x0000000089600000, 0x000000008fd80000, 0x00000000d8780000)
  object space 105984K, 27% used [0x0000000089600000,0x000000008b250880,0x000000008fd80000)
 Metaspace       used 57015K, capacity 58810K, committed 59028K, reserved 1099776K
  class space    used 7747K, capacity 8086K, committed 8124K, reserved 1048576K
}

